android/build/outputs/logs/manifest-merger-debug-report.txt
-- Merging decision tree log ---
meta-data#firebase_messaging_auto_init_enabled
INJECTED from src/main/AndroidManifest.xml:26:5-28:55
	android:value
		INJECTED from src/main/AndroidManifest.xml
		ADDED from src/main/AndroidManifest.xml:28:7-53
	android:name
		ADDED from src/main/AndroidManifest.xml:27:7-58
meta-data#com.google.firebase.messaging.default_notification_color
INJECTED from src/main/AndroidManifest.xml:32:5-34:61
	android:resource
		INJECTED from src/main/AndroidManifest.xml
		ADDED from src/main/AndroidManifest.xml:34:7-58
	android:name
		ADDED from src/main/AndroidManifest.xml:33:7-78
manifest
ADDED from src/main/AndroidManifest.xml:2:1-36:12
INJECTED from src/main/AndroidManifest.xml:2:1-36:12
INJECTED from src/main/AndroidManifest.xml:2:1-36:12
INJECTED from src/main/AndroidManifest.xml:2:1-36:12
INJECTED from src/main/AndroidManifest.xml:2:1-36:12
INJECTED from src/main/AndroidManifest.xml:2:1-36:12
INJECTED from src/main/AndroidManifest.xml:2:1-36:12
	package
		ADDED from src/main/AndroidManifest.xml:3:11-52
		INJECTED from src/main/AndroidManifest.xml
		INJECTED from src/main/AndroidManifest.xml
	android:versionName
		INJECTED from src/main/AndroidManifest.xml
		ADDED from src/main/AndroidManifest.xml:2:1-36:12
		INJECTED from src/main/AndroidManifest.xml
	android:versionCode
		INJECTED from src/main/AndroidManifest.xml
		ADDED from src/main/AndroidManifest.xml:2:1-36:12
		INJECTED from src/main/AndroidManifest.xml
	xmlns:android
		ADDED from src/main/AndroidManifest.xml:2:11-69
uses-permission#android.permission.INTERNET
ADDED from src/main/AndroidManifest.xml:5:3-64
	android:name
		ADDED from src/main/AndroidManifest.xml:5:20-62
uses-permission#android.permission.WAKE_LOCK
ADDED from src/main/AndroidManifest.xml:6:3-65
	android:name
		ADDED from src/main/AndroidManifest.xml:6:20-63
uses-permission#android.permission.ACCESS_NETWORK_STATE
ADDED from src/main/AndroidManifest.xml:7:3-76
	android:name
		ADDED from src/main/AndroidManifest.xml:7:20-74
application
ADDED from src/main/AndroidManifest.xml:9:3-35:17
service#io.invertase.firebase.messaging.ReactNativeFirebaseMessagingHeadlessService
ADDED from src/main/AndroidManifest.xml:10:5-76
	android:name
		ADDED from src/main/AndroidManifest.xml:10:14-73
service#io.invertase.firebase.messaging.ReactNativeFirebaseMessagingService
ADDED from src/main/AndroidManifest.xml:11:5-16:15
	android:exported
		ADDED from src/main/AndroidManifest.xml:12:14-38
	android:name
		ADDED from src/main/AndroidManifest.xml:11:14-65
intent-filter#action:name:com.google.firebase.MESSAGING_EVENT
ADDED from src/main/AndroidManifest.xml:13:7-15:23
action#com.google.firebase.MESSAGING_EVENT
ADDED from src/main/AndroidManifest.xml:14:9-69
	android:name
		ADDED from src/main/AndroidManifest.xml:14:17-67
receiver#io.invertase.firebase.messaging.ReactNativeFirebaseMessagingReceiver
ADDED from src/main/AndroidManifest.xml:17:5-24:16
	android:exported
		ADDED from src/main/AndroidManifest.xml:19:7-30
	android:permission
		ADDED from src/main/AndroidManifest.xml:20:7-67
	android:name
		ADDED from src/main/AndroidManifest.xml:18:7-59
intent-filter#action:name:com.google.android.c2dm.intent.RECEIVE
ADDED from src/main/AndroidManifest.xml:21:7-23:23
action#com.google.android.c2dm.intent.RECEIVE
ADDED from src/main/AndroidManifest.xml:22:9-73
	android:name
		ADDED from src/main/AndroidManifest.xml:22:17-70
uses-sdk
INJECTED from src/main/AndroidManifest.xml reason: use-sdk injection requested
INJECTED from src/main/AndroidManifest.xml
INJECTED from src/main/AndroidManifest.xml
INJECTED from src/main/AndroidManifest.xml
INJECTED from src/main/AndroidManifest.xml
	android:targetSdkVersion
		INJECTED from src/main/AndroidManifest.xml
		ADDED from src/main/AndroidManifest.xml
		INJECTED from src/main/AndroidManifest.xml
	android:minSdkVersion
		INJECTED from src/main/AndroidManifest.xml
		ADDED from src/main/AndroidManifest.xml
		INJECTED from src/main/AndroidManifest.xml